2026-01-28 23:41:30.7695 INFO PID:2804 TID:53 MvcApplication: Geni-View Cloud version 0.9.0.0 has started. 
2026-01-28 23:42:11.4935 INFO PID:2804 TID: 1 MvcApplication: Geni-View Cloud version 0.9.0.0 has started. 
2026-01-28 23:42:13.8315 INFO PID:2804 TID: 1 WebHost: WebHost excute RegisterObject. 
2026-01-28 23:42:13.8665 INFO PID:2804 TID: 1 HangfireBootstrapper: HangfireBootstrapper Start False 
2026-01-28 23:42:14.0475 INFO PID:2804 TID: 1 SqlServerObjectsInstaller: Start installing Hangfire SQL objects... 
2026-01-28 23:42:15.8125 INFO PID:2804 TID: 1 SqlServerObjectsInstaller: Hangfire SQL objects installed. 
2026-01-28 23:42:17.9895 INFO PID:2804 TID: 1 HFScheduler: HFScheduler ClearAndCreateJobs start 
2026-01-28 23:42:17.9925 INFO PID:2804 TID: 1 HFScheduler: HFScheduler ClearAndCreateJobs Finish 
2026-01-28 23:42:18.6075 INFO PID:2804 TID: 1 BackgroundJobServer: Starting Hangfire Server using job storage: 'SQL Server: DESKTOP-HRPT2CU\SQLEXPRESS01@GeniViewCloudHangfire' 
2026-01-28 23:42:18.6075 INFO PID:2804 TID: 1 BackgroundJobServer: Using the following options for SQL Server job storage: Queue poll interval: 00:00:00. 
2026-01-28 23:42:18.6075 INFO PID:2804 TID: 1 BackgroundJobServer: Using the following options for Hangfire Server:
    Worker count: 20
    Listening queues: 'default'
    Shutdown timeout: 00:00:15
    Schedule polling interval: 00:00:00.1000000 
2026-01-28 23:42:18.7665 INFO PID:2804 TID:197 MvcApplication: Wait 10 sec satrt mqtt client. 
2026-01-28 23:42:18.9365 INFO PID:2804 TID:186 BackgroundServerProcess: Server desktop-hrpt2cu:2804:e21afc93 successfully announced in 175.4572 ms 
2026-01-28 23:42:18.9715 INFO PID:2804 TID:186 BackgroundServerProcess: Server desktop-hrpt2cu:2804:e21afc93 is starting the registered dispatchers: ServerWatchdog, ServerJobCancellationWatcher, ExpirationManager, CountersAggregator, SqlServerHeartbeatProcess, Worker, DelayedJobScheduler, RecurringJobScheduler... 
2026-01-28 23:42:19.2405 INFO PID:2804 TID:186 BackgroundServerProcess: Server desktop-hrpt2cu:2804:e21afc93 all the dispatchers started 
2026-01-28 23:42:23.5732 INFO PID:2804 TID:193 MvcApplication: Geni-View Cloud has ended. 
2026-01-28 23:42:28.8952 INFO PID:2804 TID:197 MQTTHelper: Client Connecting MQTT broker 
2026-01-28 23:42:36.4242 INFO PID:2804 TID:200 MQTTHelper: Client Connected MQTT broker 
2026-01-28 23:43:28.2832 INFO PID:2804 TID:180 WebHost: WebHost excute Stop. 
2026-01-28 23:43:28.3362 WARN PID:2804 TID:180 MQTTHelper: Client dispose 
2026-01-28 23:43:28.3862 INFO PID:2804 TID:180 LogApiController: Finishlog start. 
2026-01-28 23:43:31.8152 INFO PID:2804 TID: 1 MvcApplication: Geni-View Cloud version 0.9.0.0 has started. 
2026-01-28 23:43:34.3132 INFO PID:2804 TID: 1 WebHost: WebHost excute RegisterObject. 
2026-01-28 23:43:34.3332 INFO PID:2804 TID: 1 HangfireBootstrapper: HangfireBootstrapper Start False 
2026-01-28 23:43:34.6702 INFO PID:2804 TID: 1 SqlServerObjectsInstaller: Start installing Hangfire SQL objects... 
2026-01-28 23:43:36.9612 INFO PID:2804 TID: 1 SqlServerObjectsInstaller: Hangfire SQL objects installed. 
2026-01-28 23:43:39.8119 INFO PID:2804 TID: 1 HFScheduler: HFScheduler ClearAndCreateJobs start 
2026-01-28 23:43:39.8119 INFO PID:2804 TID: 1 HFScheduler: HFScheduler ClearAndCreateJobs Finish 
2026-01-28 23:43:40.4009 INFO PID:2804 TID: 1 BackgroundJobServer: Starting Hangfire Server using job storage: 'SQL Server: DESKTOP-HRPT2CU\SQLEXPRESS01@GeniViewCloudHangfire' 
2026-01-28 23:43:40.4009 INFO PID:2804 TID: 1 BackgroundJobServer: Using the following options for SQL Server job storage: Queue poll interval: 00:00:00. 
2026-01-28 23:43:40.4009 INFO PID:2804 TID: 1 BackgroundJobServer: Using the following options for Hangfire Server:
    Worker count: 20
    Listening queues: 'default'
    Shutdown timeout: 00:00:15
    Schedule polling interval: 00:00:00.1000000 
2026-01-28 23:43:40.5189 INFO PID:2804 TID:228 MvcApplication: Wait 10 sec satrt mqtt client. 
2026-01-28 23:43:40.6749 INFO PID:2804 TID:182 BackgroundServerProcess: Server desktop-hrpt2cu:2804:ddb7cf48 successfully announced in 144.2165 ms 
2026-01-28 23:43:40.6989 INFO PID:2804 TID:182 BackgroundServerProcess: Server desktop-hrpt2cu:2804:ddb7cf48 is starting the registered dispatchers: ServerWatchdog, ServerJobCancellationWatcher, ExpirationManager, CountersAggregator, SqlServerHeartbeatProcess, Worker, DelayedJobScheduler, RecurringJobScheduler... 
2026-01-28 23:43:40.9979 INFO PID:2804 TID:182 BackgroundServerProcess: Server desktop-hrpt2cu:2804:ddb7cf48 all the dispatchers started 
2026-01-28 23:43:50.8699 INFO PID:2804 TID:228 MQTTHelper: Client Connecting MQTT broker 
2026-01-28 23:43:51.3519 INFO PID:2804 TID:268 MQTTHelper: Client Connected MQTT broker 
