2026-01-29 02:47:59.5221 WARN PID:2804 TID:280 MQTTHelper: Client Disconnected MQTT broker 
2026-01-29 02:48:00.4626 WARN PID:2804 TID:280 MQTTHelper: Client Reconnecting MQTT broker 
2026-01-29 02:48:12.3097 INFO PID:2804 TID:279 MQTTHelper: Client Connecting MQTT broker 
2026-01-29 02:48:12.3358 INFO PID:2804 TID:279 MQTTHelper: Client Connected MQTT broker 
2026-01-29 11:53:28.5848 WARN PID:2804 TID:188 MQTTHelper: Client Disconnected MQTT broker 
2026-01-29 11:53:29.8675 WARN PID:2804 TID:188 MQTTHelper: Client Reconnecting MQTT broker 
2026-01-29 11:53:40.9948 INFO PID:2804 TID:280 MQTTHelper: Client Connecting MQTT broker 
2026-01-29 11:53:41.3435 INFO PID:2804 TID:284 MQTTHelper: Client Connected MQTT broker 
2026-01-29 11:54:36.1842 WARN PID:2804 TID:180 MQTTHelper: Client dispose 
2026-01-29 11:54:37.1333 WARN PID:2804 TID:114 MQTTHelper: Client dispose 
2026-01-29 11:54:41.5894 WARN PID:2804 TID:54 MQTTHelper: Client dispose 
2026-01-29 12:05:24.0632 INFO PID:2804 TID:285 MQTTHelper: Client Connecting MQTT broker 
2026-01-29 12:05:24.2892 WARN PID:2804 TID:183 MQTTHelper: Client Disconnected MQTT broker 
2026-01-29 12:05:24.2892 WARN PID:2804 TID:183 MQTTHelper: Client Reconnecting MQTT broker 
2026-01-29 12:05:24.3522 INFO PID:2804 TID:283 MQTTHelper: Client Connected MQTT broker 
2026-01-29 12:05:34.3162 INFO PID:2804 TID:226 MQTTHelper: Client Connecting MQTT broker 
2026-01-29 12:05:34.3312 INFO PID:2804 TID:226 MQTTHelper: Client Connected MQTT broker 
2026-01-29 12:05:34.3752 WARN PID:2804 TID:226 MQTTHelper: Client Disconnected MQTT broker 
2026-01-29 12:05:34.3752 WARN PID:2804 TID:226 MQTTHelper: Client Reconnecting MQTT broker 
2026-01-29 12:05:44.3852 INFO PID:2804 TID:183 MQTTHelper: Client Connecting MQTT broker 
2026-01-29 12:05:44.3912 WARN PID:2804 TID:280 MQTTHelper: Client Disconnected MQTT broker 
2026-01-29 12:05:44.3912 WARN PID:2804 TID:280 MQTTHelper: Client Reconnecting MQTT broker 
2026-01-29 12:05:44.3852 INFO PID:2804 TID:272 MQTTHelper: Client Connected MQTT broker 
2026-01-29 12:05:52.8212 WARN PID:2804 TID:279 MQTTHelper: Client dispose 
2026-01-29 12:05:54.4132 INFO PID:2804 TID:280 MQTTHelper: Client Connecting MQTT broker 
2026-01-29 12:05:54.4202 INFO PID:2804 TID:280 MQTTHelper: Client Connected MQTT broker 
2026-01-29 12:05:54.4272 WARN PID:2804 TID:183 MQTTHelper: Client Disconnected MQTT broker 
2026-01-29 12:05:54.4272 WARN PID:2804 TID:183 MQTTHelper: Client Reconnecting MQTT broker 
2026-01-29 12:06:04.4342 INFO PID:2804 TID:43 MQTTHelper: Client Connecting MQTT broker 
2026-01-29 12:06:04.4342 INFO PID:2804 TID:231 MQTTHelper: Client Connected MQTT broker 
2026-01-29 12:06:04.4422 WARN PID:2804 TID:77 MQTTHelper: Client Disconnected MQTT broker 
2026-01-29 12:06:04.4422 WARN PID:2804 TID:77 MQTTHelper: Client Reconnecting MQTT broker 
2026-01-29 12:06:14.4539 INFO PID:2804 TID:75 MQTTHelper: Client Connecting MQTT broker 
2026-01-29 12:06:14.4589 WARN PID:2804 TID:283 MQTTHelper: Client Disconnected MQTT broker 
2026-01-29 12:06:14.4539 INFO PID:2804 TID:43 MQTTHelper: Client Connected MQTT broker 
2026-01-29 12:06:14.4589 WARN PID:2804 TID:283 MQTTHelper: Client Reconnecting MQTT broker 
2026-01-29 12:06:24.5669 INFO PID:2804 TID:77 MQTTHelper: Client Connecting MQTT broker 
2026-01-29 12:06:24.5779 WARN PID:2804 TID:183 MQTTHelper: Client Disconnected MQTT broker 
2026-01-29 12:06:24.5779 WARN PID:2804 TID:183 MQTTHelper: Client Reconnecting MQTT broker 
2026-01-29 12:06:24.5799 INFO PID:2804 TID:281 MQTTHelper: Client Connected MQTT broker 
2026-01-29 12:06:34.5899 INFO PID:2804 TID:283 MQTTHelper: Client Connecting MQTT broker 
2026-01-29 12:06:34.5939 WARN PID:2804 TID:44 MQTTHelper: Client Disconnected MQTT broker 
2026-01-29 12:06:34.5939 WARN PID:2804 TID:44 MQTTHelper: Client Reconnecting MQTT broker 
2026-01-29 12:06:34.5899 INFO PID:2804 TID:44 MQTTHelper: Client Connected MQTT broker 
2026-01-29 12:06:44.6109 INFO PID:2804 TID:280 MQTTHelper: Client Connecting MQTT broker 
2026-01-29 12:06:44.6149 WARN PID:2804 TID:76 MQTTHelper: Client Disconnected MQTT broker 
2026-01-29 12:06:44.6109 INFO PID:2804 TID:280 MQTTHelper: Client Connected MQTT broker 
2026-01-29 12:06:44.6149 WARN PID:2804 TID:76 MQTTHelper: Client Reconnecting MQTT broker 
2026-01-29 12:06:54.6219 INFO PID:2804 TID:76 MQTTHelper: Client Connecting MQTT broker 
2026-01-29 12:06:54.6339 WARN PID:2804 TID:79 MQTTHelper: Client Disconnected MQTT broker 
2026-01-29 12:06:54.6339 WARN PID:2804 TID:79 MQTTHelper: Client Reconnecting MQTT broker 
2026-01-29 12:06:54.6349 INFO PID:2804 TID:42 MQTTHelper: Client Connected MQTT broker 
2026-01-29 12:07:04.6559 INFO PID:2804 TID:77 MQTTHelper: Client Connecting MQTT broker 
2026-01-29 12:07:04.6629 WARN PID:2804 TID:78 MQTTHelper: Client Disconnected MQTT broker 
2026-01-29 12:07:04.6629 WARN PID:2804 TID:78 MQTTHelper: Client Reconnecting MQTT broker 
2026-01-29 12:07:04.6559 INFO PID:2804 TID:78 MQTTHelper: Client Connected MQTT broker 
2026-01-29 12:07:14.6709 INFO PID:2804 TID:283 MQTTHelper: Client Connecting MQTT broker 
2026-01-29 12:07:14.6749 WARN PID:2804 TID:286 MQTTHelper: Client Disconnected MQTT broker 
2026-01-29 12:07:14.6749 WARN PID:2804 TID:286 MQTTHelper: Client Reconnecting MQTT broker 
2026-01-29 12:07:14.6709 INFO PID:2804 TID:286 MQTTHelper: Client Connected MQTT broker 
2026-01-29 12:07:24.6909 INFO PID:2804 TID:79 MQTTHelper: Client Connecting MQTT broker 
2026-01-29 12:07:24.6969 WARN PID:2804 TID:286 MQTTHelper: Client Disconnected MQTT broker 
2026-01-29 12:07:24.6969 INFO PID:2804 TID:73 MQTTHelper: Client Connected MQTT broker 
2026-01-29 12:07:24.6969 WARN PID:2804 TID:286 MQTTHelper: Client Reconnecting MQTT broker 
2026-01-29 12:07:34.7297 INFO PID:2804 TID:43 MQTTHelper: Client Connecting MQTT broker 
2026-01-29 12:07:34.7357 WARN PID:2804 TID:73 MQTTHelper: Client Disconnected MQTT broker 
2026-01-29 12:07:34.7357 WARN PID:2804 TID:73 MQTTHelper: Client Reconnecting MQTT broker 
2026-01-29 12:07:34.7297 INFO PID:2804 TID:41 MQTTHelper: Client Connected MQTT broker 
2026-01-29 12:07:44.7597 INFO PID:2804 TID:44 MQTTHelper: Client Connecting MQTT broker 
2026-01-29 12:07:44.7677 WARN PID:2804 TID:74 MQTTHelper: Client Disconnected MQTT broker 
2026-01-29 12:07:44.7677 WARN PID:2804 TID:74 MQTTHelper: Client Reconnecting MQTT broker 
2026-01-29 12:07:44.7817 INFO PID:2804 TID:44 MQTTHelper: Client Connected MQTT broker 
2026-01-29 12:07:54.7817 INFO PID:2804 TID:286 MQTTHelper: Client Connecting MQTT broker 
2026-01-29 12:07:54.8017 WARN PID:2804 TID:76 MQTTHelper: Client Disconnected MQTT broker 
2026-01-29 12:07:54.8017 WARN PID:2804 TID:76 MQTTHelper: Client Reconnecting MQTT broker 
2026-01-29 12:07:54.8017 INFO PID:2804 TID:76 MQTTHelper: Client Connected MQTT broker 
2026-01-29 12:08:04.8197 INFO PID:2804 TID:74 MQTTHelper: Client Connecting MQTT broker 
2026-01-29 12:08:04.8247 WARN PID:2804 TID:270 MQTTHelper: Client Disconnected MQTT broker 
2026-01-29 12:08:04.8247 INFO PID:2804 TID:74 MQTTHelper: Client Connected MQTT broker 
2026-01-29 12:08:04.8247 WARN PID:2804 TID:270 MQTTHelper: Client Reconnecting MQTT broker 
2026-01-29 12:08:14.8427 INFO PID:2804 TID:78 MQTTHelper: Client Connecting MQTT broker 
2026-01-29 12:08:14.8467 WARN PID:2804 TID:73 MQTTHelper: Client Disconnected MQTT broker 
2026-01-29 12:08:14.8467 WARN PID:2804 TID:73 MQTTHelper: Client Reconnecting MQTT broker 
2026-01-29 12:08:14.8427 INFO PID:2804 TID:73 MQTTHelper: Client Connected MQTT broker 
2026-01-29 12:08:24.8677 INFO PID:2804 TID:75 MQTTHelper: Client Connecting MQTT broker 
2026-01-29 12:08:24.8677 INFO PID:2804 TID:40 MQTTHelper: Client Connected MQTT broker 
2026-01-29 12:08:24.8717 WARN PID:2804 TID:75 MQTTHelper: Client Disconnected MQTT broker 
2026-01-29 12:08:24.8717 WARN PID:2804 TID:75 MQTTHelper: Client Reconnecting MQTT broker 
2026-01-29 12:08:34.8937 INFO PID:2804 TID:74 MQTTHelper: Client Connecting MQTT broker 
2026-01-29 12:08:34.8987 INFO PID:2804 TID:200 MQTTHelper: Client Connected MQTT broker 
2026-01-29 12:08:34.8997 WARN PID:2804 TID:200 MQTTHelper: Client Disconnected MQTT broker 
2026-01-29 12:08:34.8997 WARN PID:2804 TID:200 MQTTHelper: Client Reconnecting MQTT broker 
2026-01-29 12:08:44.9154 INFO PID:2804 TID:270 MQTTHelper: Client Connecting MQTT broker 
2026-01-29 12:08:44.9264 WARN PID:2804 TID:79 MQTTHelper: Client Disconnected MQTT broker 
2026-01-29 12:08:44.9264 WARN PID:2804 TID:79 MQTTHelper: Client Reconnecting MQTT broker 
2026-01-29 12:08:44.9154 INFO PID:2804 TID:79 MQTTHelper: Client Connected MQTT broker 
2026-01-29 12:08:54.9354 INFO PID:2804 TID:272 MQTTHelper: Client Connecting MQTT broker 
2026-01-29 12:08:54.9404 WARN PID:2804 TID:200 MQTTHelper: Client Disconnected MQTT broker 
2026-01-29 12:08:54.9354 INFO PID:2804 TID:77 MQTTHelper: Client Connected MQTT broker 
2026-01-29 12:08:54.9404 WARN PID:2804 TID:200 MQTTHelper: Client Reconnecting MQTT broker 
2026-01-29 12:09:04.7354 WARN PID:2804 TID:44 MQTTHelper: Client dispose 
2026-01-29 12:09:04.9614 INFO PID:2804 TID:79 MQTTHelper: Client Connecting MQTT broker 
2026-01-29 12:09:04.9664 WARN PID:2804 TID:283 MQTTHelper: Client Disconnected MQTT broker 
2026-01-29 12:09:04.9664 WARN PID:2804 TID:283 MQTTHelper: Client Reconnecting MQTT broker 
2026-01-29 12:09:04.9614 INFO PID:2804 TID:270 MQTTHelper: Client Connected MQTT broker 
2026-01-29 12:09:14.9894 INFO PID:2804 TID:79 MQTTHelper: Client Connecting MQTT broker 
2026-01-29 12:09:14.9944 INFO PID:2804 TID:200 MQTTHelper: Client Connected MQTT broker 
2026-01-29 12:09:14.9954 WARN PID:2804 TID:272 MQTTHelper: Client Disconnected MQTT broker 
2026-01-29 12:09:14.9954 WARN PID:2804 TID:272 MQTTHelper: Client Reconnecting MQTT broker 
2026-01-29 12:09:25.0334 INFO PID:2804 TID:283 MQTTHelper: Client Connecting MQTT broker 
2026-01-29 12:09:25.1064 INFO PID:2804 TID:283 MQTTHelper: Client Connected MQTT broker 
2026-01-29 12:09:25.1184 WARN PID:2804 TID:283 MQTTHelper: Client Disconnected MQTT broker 
2026-01-29 12:09:25.1184 WARN PID:2804 TID:283 MQTTHelper: Client Reconnecting MQTT broker 
2026-01-29 12:09:35.6834 INFO PID:2804 TID:200 MQTTHelper: Client Connecting MQTT broker 
2026-01-29 12:09:35.6934 WARN PID:2804 TID:200 MQTTHelper: Client Disconnected MQTT broker 
2026-01-29 12:09:35.6934 WARN PID:2804 TID:200 MQTTHelper: Client Reconnecting MQTT broker 
2026-01-29 12:09:35.6834 INFO PID:2804 TID:200 MQTTHelper: Client Connected MQTT broker 
2026-01-29 12:09:45.7074 INFO PID:2804 TID:270 MQTTHelper: Client Connecting MQTT broker 
2026-01-29 12:09:45.7144 INFO PID:2804 TID:270 MQTTHelper: Client Connected MQTT broker 
2026-01-29 12:09:45.7154 WARN PID:2804 TID:75 MQTTHelper: Client Disconnected MQTT broker 
2026-01-29 12:09:45.7154 WARN PID:2804 TID:75 MQTTHelper: Client Reconnecting MQTT broker 
2026-01-29 12:10:00.1891 INFO PID:2804 TID:270 MQTTHelper: Client Connecting MQTT broker 
2026-01-29 12:10:00.1951 WARN PID:2804 TID:77 MQTTHelper: Client Disconnected MQTT broker 
2026-01-29 12:10:00.1951 WARN PID:2804 TID:77 MQTTHelper: Client Reconnecting MQTT broker 
2026-01-29 12:10:00.1891 INFO PID:2804 TID:79 MQTTHelper: Client Connected MQTT broker 
2026-01-29 12:10:10.2027 INFO PID:2804 TID:270 MQTTHelper: Client Connecting MQTT broker 
2026-01-29 12:10:10.2127 WARN PID:2804 TID:200 MQTTHelper: Client Disconnected MQTT broker 
2026-01-29 12:10:10.2127 WARN PID:2804 TID:200 MQTTHelper: Client Reconnecting MQTT broker 
2026-01-29 12:10:10.2137 INFO PID:2804 TID:38 MQTTHelper: Client Connected MQTT broker 
2026-01-29 12:10:20.2204 INFO PID:2804 TID:79 MQTTHelper: Client Connecting MQTT broker 
2026-01-29 12:10:20.2284 WARN PID:2804 TID:79 MQTTHelper: Client Disconnected MQTT broker 
2026-01-29 12:10:20.2284 WARN PID:2804 TID:79 MQTTHelper: Client Reconnecting MQTT broker 
2026-01-29 12:10:20.2334 INFO PID:2804 TID:79 MQTTHelper: Client Connected MQTT broker 
2026-01-29 12:10:30.2334 INFO PID:2804 TID:200 MQTTHelper: Client Connecting MQTT broker 
2026-01-29 12:10:30.2424 WARN PID:2804 TID:36 MQTTHelper: Client Disconnected MQTT broker 
2026-01-29 12:10:30.2424 WARN PID:2804 TID:36 MQTTHelper: Client Reconnecting MQTT broker 
2026-01-29 12:10:30.2424 INFO PID:2804 TID:200 MQTTHelper: Client Connected MQTT broker 
2026-01-29 12:24:35.4445 INFO PID:12072 TID:13 MQTTHelper: Client Connecting MQTT broker 
2026-01-29 12:24:35.6625 INFO PID:12072 TID:43 MQTTHelper: Client Connected MQTT broker 
2026-01-29 12:54:18.5371 WARN PID:12072 TID:46 MQTTHelper: Client dispose 
2026-01-29 13:49:16.6731 INFO PID:3324 TID:11 MQTTHelper: Client Connecting MQTT broker 
2026-01-29 13:49:27.7096 INFO PID:3324 TID:43 MQTTHelper: Client Connected MQTT broker 
2026-01-29 14:20:40.0043 WARN PID:3324 TID:44 MQTTHelper: Client dispose 
2026-01-29 21:31:27.1873 INFO PID:6284 TID: 8 MQTTHelper: Client Connecting MQTT broker 
2026-01-29 21:31:27.4262 INFO PID:6284 TID:40 MQTTHelper: Client Connected MQTT broker 
